Arguments: 
  C:\Program Files\nodejs\node.exe C:\Users\talha4real\AppData\Roaming\npm\node_modules\yarn\bin\yarn.js add opensea-js

PATH: 
  C:\Program Files\Git\mingw64\bin;C:\Program Files\Git\usr\bin;C:\Users\talha4real\bin;C:\ProgramData\Oracle\Java\javapath;C:\Python39\Scripts;C:\Python39;C:\WINDOWS\system32;C:\WINDOWS;C:\WINDOWS\System32\Wbem;C:\WINDOWS\System32\WindowsPowerShell\v1.0;C:\MinGW\msys\1.0\bin;C:\Program Files\Git\cmd;C:\WINDOWS\System32\OpenSSH;C:\Users\talha4real\Desktop\Compiler\win_flex_bison;C:\MinGW\bin;C:\Program Files\dotnet;C:\Program Files\Microsoft SQL Server\130\Tools\Binn;C:\Program Files\Microsoft SQL Server\Client SDK\ODBC\170\Tools\Binn;C:\ProgramData\chocolatey\bin;C:\Program Files\nodejs;C:\Program Files\PuTTY;C:\MinGW\bin;C:\Users\talha4real\AppData\Local\Programs\Microsoft VS Code\bin;C:\Users\talha4real\AppData\Local\Microsoft\WindowsApps;C:\Program Files\JetBrains\WebStorm 2021.1\bin;C:\MinGW\msys\1.0\bin;C:\Program Files\JetBrains\PyCharm Community Edition 2020.3.1\bin;C:\Users\talha4real\.dotnet\tools;F:\Program Files\JetBrains\GoLand 2021.2.2\bin;C:\Users\talha4real\AppData\Roaming\npm

Yarn version: 
  1.22.11

Node version: 
  16.13.0

Platform: 
  win32 x64

Trace: 
  Error: EPERM: operation not permitted, unlink 'H:\NFTS\erc721-monitor\node_modules\bufferutil\prebuilds\win32-x64\node.napi.node'

npm manifest: 
  {
    "name": "erc721-monitor",
    "version": "1.0.0",
    "description": "",
    "main": "index.js",
    "scripts": {
      "start": "node dist/app.js",
      "dev": "nodemon src/app.ts",
      "build": "tsc"
    },
    "keywords": [],
    "author": "",
    "license": "ISC",
    "dependencies": {
      "@types/express": "^4.17.13",
      "axios": "^0.24.0",
      "cors": "^2.8.5",
      "moralis": "^0.0.178"
    },
    "devDependencies": {
      "@types/cors": "^2.8.12"
    }
  }

yarn manifest: 
  No manifest

Lockfile: 
  No lockfile
